#
# There is insufficient memory for the Java Runtime Environment to continue.
# Native memory allocation (malloc) failed to allocate 1048576 bytes for AllocateHeap
# Possible reasons:
#   The system is out of physical RAM or swap space
#   The process is running with CompressedOops enabled, and the Java Heap may be blocking the growth of the native heap
# Possible solutions:
#   Reduce memory load on the system
#   Increase physical memory or swap space
#   Check if swap backing store is full
#   Decrease Java heap size (-Xmx/-Xms)
#   Decrease number of Java threads
#   Decrease Java thread stack sizes (-Xss)
#   Set larger code cache with -XX:ReservedCodeCacheSize=
#   JVM is running with Zero Based Compressed Oops mode in which the Java heap is
#     placed in the first 32GB address space. The Java Heap base address is the
#     maximum limit for the native heap growth. Please use -XX:HeapBaseMinAddress
#     to set the Java Heap base and to place the Java Heap above 32GB virtual address.
# This output file may be truncated or incomplete.
#
#  Out of Memory Error (allocation.cpp:44), pid=5448, tid=8168
#
# JRE version:  (16.0+36) (build )
# Java VM: OpenJDK 64-Bit Server VM (16+36-2231, mixed mode, sharing, tiered, compressed oops, g1 gc, windows-amd64)
# No core dump will be written. Minidumps are not enabled by default on client versions of Windows
#

---------------  S U M M A R Y ------------

Command Line: -XX:TieredStopAtLevel=1 -Xverify:none -Dspring.output.ansi.enabled=always -javaagent:C:\Program Files\JetBrains\IntelliJ IDEA 2020.3.2\lib\idea_rt.jar=60483:C:\Program Files\JetBrains\IntelliJ IDEA 2020.3.2\bin -Dcom.sun.management.jmxremote -Dspring.jmx.enabled=true -Dspring.liveBeansView.mbeanDomain -Dspring.application.admin.enabled=true -Dfile.encoding=UTF-8 com.converter.tech.TechApplication

Host: Intel(R) Core(TM) i5-7500 CPU @ 3.40GHz, 4 cores, 15G,  Windows 10 , 64 bit Build 19041 (10.0.19041.546)
Time: Thu Mar 25 21:14:32 2021 RTZ 2 (s 10 , 64 bit Build 19041 (10.0.19041.546) elapsed time: 0.010782 seconds (0d 0h 0m 0s)

---------------  T H R E A D  ---------------

Current thread (0x00000243dad063a0):  JavaThread "Unknown thread" [_thread_in_vm, id=8168, stack(0x0000007431c00000,0x0000007431d00000)]

Stack: [0x0000007431c00000,0x0000007431d00000]
Native frames: (J=compiled Java code, j=interpreted, Vv=VM code, C=native code)
V  [jvm.dll+0x6681da]
V  [jvm.dll+0x7c9d99]
V  [jvm.dll+0x7cb4d3]
V  [jvm.dll+0x7cbb33]
V  [jvm.dll+0x242ee5]
V  [jvm.dll+0xa8742]
V  [jvm.dll+0x2dc6e4]
V  [jvm.dll+0x2d424b]
V  [jvm.dll+0x79c691]
V  [jvm.dll+0x3607b1]
V  [jvm.dll+0x77a370]
V  [jvm.dll+0x3e501f]
V  [jvm.dll+0x3e6af1]
C  [jli.dll+0x52fb]
C  [ucrtbase.dll+0x214c2]
C  [KERNEL32.DLL+0x17034]
C  [ntdll.dll+0x4cec1]


---------------  P R O C E S S  ---------------

Threads class SMR info:
_java_thread_list=0x00007ffa7326cbb8, length=0, elements={
}

Java Threads: ( => current thread )

Other Threads:
  0x00000243dad56200 GCTaskThread "GC Thread#0" [stack: 0x0000007431d00000,0x0000007431e00000] [id=14676]

[error occurred during error reporting (printing all threads), id 0xc0000005, EXCEPTION_ACCESS_VIOLATION (0xc0000005) at pc=0x00007ffa72a413d0]

VM state: not at safepoint (not fully initialized)

VM Mutex/Monitor currently owned by a thread:  ([mutex/lock_event])
[0x00000243dad01200] Heap_lock - owner thread: 0x00000243dad063a0

Heap address: 0x0000000700e00000, size: 4082 MB, Compressed Oops mode: Zero based, Oop shift amount: 3
CDS archive(s) mapped at: [0x0000000000000000-0x0000000000000000-0x0000000000000000), size 0, SharedBaseAddress: 0x0000000800000000, ArchiveRelocationMode: 0.
Narrow klass base: 0x0000000000000000, Narrow klass shift: 0, Narrow klass range: 0x0

GC Precious Log:
<Empty>

Heap:
 garbage-first heap   total 0K, used 0K [0x0000000700e00000, 0x0000000800000000)
  region size 2048K, 0 young (0K), 0 survivors (0K)

[error occurred during error reporting (printing heap information), id 0xc0000005, EXCEPTION_ACCESS_VIOLATION (0xc0000005) at pc=0x00007ffa72e21edd]

GC Heap History (0 events):
No events

Deoptimization events (0 events):
No events

Classes unloaded (0 events):
No events

Classes redefined (0 events):
No events

Internal exceptions (0 events):
No events

Events (1 events):
Event: 0.007 Loaded shared library C:\Users\Enigm\.jdks\openjdk-16\bin\java.dll


Dynamic libraries:
0x00007ff6ab0d0000 - 0x00007ff6ab0de000 	C:\Users\Enigm\.jdks\openjdk-16\bin\java.exe
0x00007ffac4270000 - 0x00007ffac4466000 	C:\Windows\SYSTEM32\ntdll.dll
0x00007ffac3980000 - 0x00007ffac3a3d000 	C:\Windows\System32\KERNEL32.DLL
0x00007ffac1d80000 - 0x00007ffac2048000 	C:\Windows\System32\KERNELBASE.dll
0x00007ffac19b0000 - 0x00007ffac1ab0000 	C:\Windows\System32\ucrtbase.dll
0x00007ffab47f0000 - 0x00007ffab4808000 	C:\Users\Enigm\.jdks\openjdk-16\bin\jli.dll
0x00007ffac3350000 - 0x00007ffac34f0000 	C:\Windows\System32\USER32.dll
0x00007ffac1ae0000 - 0x00007ffac1b02000 	C:\Windows\System32\win32u.dll
0x00007ffac31c0000 - 0x00007ffac31ea000 	C:\Windows\System32\GDI32.dll
0x00007ffac1b10000 - 0x00007ffac1c19000 	C:\Windows\System32\gdi32full.dll
0x00007ffac2050000 - 0x00007ffac20ed000 	C:\Windows\System32\msvcp_win.dll
0x00007ffab47d0000 - 0x00007ffab47e9000 	C:\Users\Enigm\.jdks\openjdk-16\bin\VCRUNTIME140.dll
0x00007ffab42f0000 - 0x00007ffab458b000 	C:\Windows\WinSxS\amd64_microsoft.windows.common-controls_6595b64144ccf1df_6.0.19041.488_none_ca04af081b815d21\COMCTL32.dll
0x00007ffac2c10000 - 0x00007ffac2cae000 	C:\Windows\System32\msvcrt.dll
0x00007ffac4060000 - 0x00007ffac4090000 	C:\Windows\System32\IMM32.DLL
0x00007ffabf300000 - 0x00007ffabf30c000 	C:\Users\Enigm\.jdks\openjdk-16\bin\vcruntime140_1.dll
0x00007ffaae610000 - 0x00007ffaae6a1000 	C:\Users\Enigm\.jdks\openjdk-16\bin\msvcp140.dll
0x00007ffa72760000 - 0x00007ffa7330b000 	C:\Users\Enigm\.jdks\openjdk-16\bin\server\jvm.dll
0x00007ffac32a0000 - 0x00007ffac334c000 	C:\Windows\System32\ADVAPI32.dll
0x00007ffac22d0000 - 0x00007ffac236b000 	C:\Windows\System32\sechost.dll
0x00007ffac4090000 - 0x00007ffac41b4000 	C:\Windows\System32\RPCRT4.dll
0x00007ffac31b0000 - 0x00007ffac31b8000 	C:\Windows\System32\PSAPI.DLL
0x00007ffaacc20000 - 0x00007ffaacc29000 	C:\Windows\SYSTEM32\WSOCK32.dll
0x00007ffac41c0000 - 0x00007ffac422b000 	C:\Windows\System32\WS2_32.dll
0x00007ffab83a0000 - 0x00007ffab83c7000 	C:\Windows\SYSTEM32\WINMM.dll
0x00007ffabb770000 - 0x00007ffabb77a000 	C:\Windows\SYSTEM32\VERSION.dll
0x00007ffabf920000 - 0x00007ffabf932000 	C:\Windows\SYSTEM32\kernel.appcore.dll
0x00007ffab47c0000 - 0x00007ffab47ca000 	C:\Users\Enigm\.jdks\openjdk-16\bin\jimage.dll
0x00007ffaba800000 - 0x00007ffaba9e4000 	C:\Windows\SYSTEM32\DBGHELP.DLL
0x00007ffaba390000 - 0x00007ffaba3bc000 	C:\Windows\SYSTEM32\dbgcore.DLL
0x00007ffac21f0000 - 0x00007ffac226f000 	C:\Windows\System32\bcryptPrimitives.dll
0x00007ffab4680000 - 0x00007ffab468e000 	C:\Users\Enigm\.jdks\openjdk-16\bin\instrument.dll
0x00007ffab4790000 - 0x00007ffab47b5000 	C:\Users\Enigm\.jdks\openjdk-16\bin\java.dll

dbghelp: loaded successfully - version: 4.0.5 - missing functions: none
symbol engine: initialized successfully - sym options: 0x614 - pdb path: .;C:\Users\Enigm\.jdks\openjdk-16\bin;C:\Windows\SYSTEM32;C:\Windows\WinSxS\amd64_microsoft.windows.common-controls_6595b64144ccf1df_6.0.19041.488_none_ca04af081b815d21;C:\Users\Enigm\.jdks\openjdk-16\bin\server

VM Arguments:
jvm_args: -XX:TieredStopAtLevel=1 -Xverify:none -Dspring.output.ansi.enabled=always -javaagent:C:\Program Files\JetBrains\IntelliJ IDEA 2020.3.2\lib\idea_rt.jar=60483:C:\Program Files\JetBrains\IntelliJ IDEA 2020.3.2\bin -Dcom.sun.management.jmxremote -Dspring.jmx.enabled=true -Dspring.liveBeansView.mbeanDomain -Dspring.application.admin.enabled=true -Dfile.encoding=UTF-8 
java_command: com.converter.tech.TechApplication
java_class_path (initial): C:\Users\Enigm\IdeaProjects\tech\target\classes;C:\Users\Enigm\.m2\repository\org\springframework\boot\spring-boot-starter-data-jpa\2.4.4\spring-boot-starter-data-jpa-2.4.4.jar;C:\Users\Enigm\.m2\repository\org\springframework\boot\spring-boot-starter-aop\2.4.4\spring-boot-starter-aop-2.4.4.jar;C:\Users\Enigm\.m2\repository\org\aspectj\aspectjweaver\1.9.6\aspectjweaver-1.9.6.jar;C:\Users\Enigm\.m2\repository\org\springframework\boot\spring-boot-starter-jdbc\2.4.4\spring-boot-starter-jdbc-2.4.4.jar;C:\Users\Enigm\.m2\repository\com\zaxxer\HikariCP\3.4.5\HikariCP-3.4.5.jar;C:\Users\Enigm\.m2\repository\org\springframework\spring-jdbc\5.3.5\spring-jdbc-5.3.5.jar;C:\Users\Enigm\.m2\repository\jakarta\transaction\jakarta.transaction-api\1.3.3\jakarta.transaction-api-1.3.3.jar;C:\Users\Enigm\.m2\repository\jakarta\persistence\jakarta.persistence-api\2.2.3\jakarta.persistence-api-2.2.3.jar;C:\Users\Enigm\.m2\repository\org\hibernate\hibernate-core\5.4.29.Final\hibernate-core-5.4.29.Final.jar;C:\Users\Enigm\.m2\repository\org\jboss\logging\jboss-logging\3.4.1.Final\jboss-logging-3.4.1.Final.jar;C:\Users\Enigm\.m2\repository\org\javassist\javassist\3.27.0-GA\javassist-3.27.0-GA.jar;C:\Users\Enigm\.m2\repository\net\bytebuddy\byte-buddy\1.10.22\byte-buddy-1.10.22.jar;C:\Users\Enigm\.m2\repository\antlr\antlr\2.7.7\antlr-2.7.7.jar;C:\Users\Enigm\.m2\repository\org\jboss\jandex\2.2.3.Final\jandex-2.2.3.Final.jar;C:\Users\Enigm\.m2\repository\com\fasterxml\classmate\1.5.1\classmate-1.5.1.jar;C:\Users\Enigm\.m2\repository\org\dom4j\dom4j\2.1.3\dom4j-2.1.3.jar;C:\Users\Enigm\.m2\repository\org\hibernate\common\hibernate-commons-annotations\5.1.2.Final\hibernate-commons-annotations-5.1.2.Final.jar;C:\Users\Enigm\.m2\repository\org\glassfish\jaxb\jaxb-runtime\2.3.3\jaxb-runtime-2.3.3.jar;C:\Users\Enigm\.m2\repository\org\glassfish\jaxb\txw2\2.3.3\txw2-2.3.3.jar;C:\Users\Enigm\.m2\repository\com\sun\istack\istack-commons-runtime\3.0.11\istack-commons-runt
Launcher Type: SUN_STANDARD

[Global flags]
     intx CICompilerCount                          = 3                                         {product} {ergonomic}
     uint ConcGCThreads                            = 1                                         {product} {ergonomic}
     uint G1ConcRefinementThreads                  = 4                                         {product} {ergonomic}
   size_t G1HeapRegionSize                         = 2097152                                   {product} {ergonomic}
    uintx GCDrainStackTargetSize                   = 64                                        {product} {ergonomic}
   size_t InitialHeapSize                          = 268435456                                 {product} {ergonomic}
     bool ManagementServer                         = true                                      {product} {command line}
   size_t MarkStackSize                            = 4194304                                   {product} {ergonomic}
   size_t MaxHeapSize                              = 4280287232                                {product} {ergonomic}
   size_t MinHeapDeltaBytes                        = 2097152                                   {product} {ergonomic}
   size_t MinHeapSize                              = 8388608                                   {product} {ergonomic}
    uintx NonNMethodCodeHeapSize                   = 6973028                                {pd product} {ergonomic}
    uintx NonProfiledCodeHeapSize                  = 244685212                              {pd product} {ergonomic}
    uintx ProfiledCodeHeapSize                     = 0                                      {pd product} {ergonomic}
    uintx ReservedCodeCacheSize                    = 251658240                              {pd product} {ergonomic}
     bool SegmentedCodeCache                       = true                                      {product} {ergonomic}
   size_t SoftMaxHeapSize                          = 4280287232                             {manageable} {ergonomic}
     intx TieredStopAtLevel                        = 1                                         {product} {command line}
     bool UseCompressedClassPointers               = true                           {product lp64_product} {ergonomic}
     bool UseCompressedOops                        = true                           {product lp64_product} {ergonomic}
     bool UseG1GC                                  = true                                      {product} {ergonomic}
     bool UseLargePagesIndividualAllocation        = false                                  {pd product} {ergonomic}

Logging:
Log output configuration:
 #0: stdout all=warning uptime,level,tags
 #1: stderr all=off uptime,level,tags

Environment Variables:
PATH=C:\Program Files (x86)\Razer Chroma SDK\bin;C:\Program Files\Razer Chroma SDK\bin;C:\Program Files (x86)\Razer\ChromaBroadcast\bin;C:\Program Files\Razer\ChromaBroadcast\bin;C:\Windows\system32;C:\Windows;C:\Windows\System32\Wbem;C:\Windows\System32\WindowsPowerShell\v1.0\;C:\Windows\System32\OpenSSH\;C:\Program Files\dotnet\;C:\Program Files\Microsoft SQL Server\130\Tools\Binn\;C:\Program Files\Microsoft SQL Server\Client SDK\ODBC\170\Tools\Binn\;C:\Windows\system32\config\systemprofile\AppData\Local\Microsoft\WindowsApps;C:\Users\Enigm\IdeaProjects\apache-maven-3.6.3\bin;C:\Program Files\Git\cmd;C:\Users\Enigm\AppData\Local\Programs\Python\Python39\Scripts\;C:\Users\Enigm\AppData\Local\Programs\Python\Python39\;C:\Program Files\MySQL\MySQL Shell 8.0\bin\;C:\Users\Enigm\AppData\Local\Microsoft\WindowsApps;;D:\Microsoft VS Code\bin;C:\Users\Enigm\.dotnet\tools;C:\Program Files\JetBrains\PyCharm 2020.3.3\bin;;C:\Program Files\JetBrains\IntelliJ IDEA 2020.3.2\bin;;C:\Program Files\heroku\bin
USERNAME=Enigm
OS=Windows_NT
PROCESSOR_IDENTIFIER=Intel64 Family 6 Model 158 Stepping 9, GenuineIntel



---------------  S Y S T E M  ---------------

OS:
 Windows 10 , 64 bit Build 19041 (10.0.19041.546)
OS uptime: 0 days 12:27 hours

CPU: total 4 (initial active 4) (4 cores per cpu, 1 threads per core) family 6 model 158 stepping 9 microcode 0xde, cx8, cmov, fxsr, mmx, 3dnowpref, sse, sse2, sse3, ssse3, sse4.1, sse4.2, popcnt, lzcnt, tsc, tscinvbit, avx, avx2, aes, erms, clmul, bmi1, bmi2, rtm, adx, fma, vzeroupper, clflush, clflushopt

Memory: 4k page, system-wide physical 16322M (5801M free)
TotalPageFile size 16322M (AvailPageFile size 5M)
current process WorkingSet (physical memory assigned to process): 10M, peak: 10M
current process commit charge ("private bytes"): 48M, peak: 49M

vm_info: OpenJDK 64-Bit Server VM (16+36-2231) for windows-amd64 JRE (16+36-2231), built on Feb  8 2021 11:39:36 by "mach5one" with MS VC++ 16.7 (VS2019)

END.
